0:100  0:100  MemLog inited, TSC freq: 1799556530
0:100  0:000  CPU was calibrated with RTC
0:100  0:000  
0:100  0:000  Now is 14.11.2018,  11:11:56 (GMT)
0:100  0:000  Starting Clover revision: 4700 on INSYDE Corp. EFI
0:100  0:000  Build with: [Args: -D NO_GRUB_DRIVERS_EMBEDDED -t XCODE8 | -D NO_GRUB_DRIVERS_EMBEDDED -D USE_LOW_EBDA -a X64 -b RELEASE -t XCODE8 -n 5 | OS: 10.13.6 | XCODE: 9.4.1]
0:100  0:000  SelfDevicePath=PciRoot(0x0)\Pci(0x1D,0x0)\Pci(0x0,0x0)\NVMe(0x1,DF-ED-B2-81-B3-38-25-00)\HD(1,GPT,AEE869BB-6FA3-4EB5-AC2D-7DCC6E86BD0B,0x800,0x8A000) @6FDC0518
0:100  0:000  SelfDirPath = \EFI\CLOVER
0:100  0:000  === [ Get Smbios ] ========================================
0:100  0:000  Type 16 Index = 0
0:100  0:000  Total Memory Slots Count = 1
0:100  0:000  Type 17 Index = 0
0:100  0:000  SmbiosTable.Type17->Speed = 2400MHz
0:100  0:000  SmbiosTable.Type17->Size = 16384MB
0:100  0:000  SmbiosTable.Type17->Bank/Device = BANK 0 ChannelA-DIMM0
0:100  0:000  SmbiosTable.Type17->Vendor = 8746
0:100  0:000  SmbiosTable.Type17->SerialNumber = D4C16FFA
0:100  0:000  SmbiosTable.Type17->PartNumber = WAR4S2400D17161C    
0:100  0:000  Boot status=0
0:100  0:000  Running on: '81GX' with board 'LNVNB161216'
0:100  0:000  === [ GetCPUProperties ] ==================================
0:100  0:000  CPU Vendor = 756E6547 Model=806EA
0:100  0:000   The CPU supported SSE4.1
0:100  0:000  BrandString = Intel(R) Core(TM) i5-8250U CPU @ 1.60GHz
0:100  0:000   The CPU supported turbo
0:100  0:000  MSR 0x35               40008
0:100  0:000   TSC/CCC Information Leaf:
0:100  0:000    numerator     : 150
0:100  0:000    denominator   : 2
0:100  0:000   Calibrated ARTFrequency: 23994087
0:100  0:000  MSR 0xE2 before patch 1E008008
0:100  0:000  MSR 0xE2 is locked, PM patches will be turned on
0:100  0:000  MSR 0xCE              0004043D_F1011200
0:100  0:000  corrected FLEX_RATIO = 0
0:100  0:000  FSBFrequency = 84 MHz, DMI FSBFrequency = 100 MHz, Corrected FSBFrequency = 100 MHz
0:100  0:000  MaxDiv/MinDiv: 18.0/4
0:100  0:000  Turbo: 34/34/34/34
0:100  0:000  Features: 0xBFEBFBFF
0:100  0:000  Threads: 8
0:100  0:000  Cores: 4
0:100  0:000  FSB: 100 MHz
0:100  0:000  CPU: 1500 MHz
0:100  0:000  TSC: 1500 MHz
0:100  0:000  PIS: 100 MHz
0:100  0:000  ExternalClock: 25 MHz
0:100  0:000  === [ GetDevices ] ========================================
0:100  0:000  PCI (00|00:00.00) : 8086 5914 class=060000
0:100  0:000  PCI (00|00:02.00) : 8086 5917 class=030000
0:100  0:000   - GFX: Model=Intel UHD Graphics 620 (Intel)
0:100  0:000  PCI (00|00:04.00) : 8086 1903 class=118000
0:100  0:000  PCI (00|00:14.00) : 8086 9D2F class=0C0330
0:100  0:000  PCI (00|00:14.02) : 8086 9D31 class=118000
0:100  0:000  PCI (00|00:15.00) : 8086 9D60 class=118000
0:100  0:000  PCI (00|00:16.00) : 8086 9D3A class=078000
0:100  0:000  PCI (00|00:1C.00) : 8086 9D14 class=060400
0:101  0:000  PCI (00|01:00.00) : 8086 3166 class=028000
0:101  0:000   - WIFI: Vendor=Intel
0:101  0:000  PCI (00|00:1D.00) : 8086 9D18 class=060400
0:101  0:000  PCI (00|02:00.00) : 144D A804 class=010802
0:101  0:000  PCI (00|00:1F.00) : 8086 9D4E class=060100
0:101  0:000  PCI (00|00:1F.02) : 8086 9D21 class=058000
0:101  0:000  PCI (00|00:1F.03) : 8086 9D71 class=040300
0:101  0:000  PCI (00|00:1F.04) : 8086 9D23 class=0C0500
0:101  0:000  === [ GetDefaultSettings ] ================================
0:101  0:000  Clover load options size = 0 bytes
0:105  0:004  EFI\CLOVER\config.plist loaded: Success
0:105  0:000  === [ GetListOfThemes ] ===================================
0:106  0:000  - [00]: embedded
0:106  0:000  - [00]: random
0:107  0:000  - [00]: SimpleThemeDark
0:107  0:000  === [ Found config plists ] ===============================
0:107  0:000  - config.plist
0:108  0:000  === [ GetEarlyUserSettings ] ==============================
0:108  0:000  timeout set to 3
0:108  0:000  Custom boot CUSTOM_BOOT_DISABLED (0x0)
0:108  0:000  KextsToPatch: 5 requested
0:108  0:000   - [00]: IOBluetoothFamily (10.11+-BT4LE-Handoff-Hotspot-lisai9093) :: BinPatch :: data len: 8
0:108  0:000   - [01]: com.apple.driver.usb.AppleUSBXHCIPCI (change 15 port limit to 26 in XHCI kext) :: MatchOS: 10.13.0,10.13.1,10.13.2,10.13.3 :: BinPatch :: data len: 4
0:108  0:000   - [02]: com.apple.driver.AppleIntelKBLGraphicsFramebuffer (Disable minStolenSize less or equal fStolenMemorySize assertion, 10.14 (credit Austere.J)) :: MatchOS: 10.14,10.14.x :: BinPatch :: data len: 5
0:108  0:000   - [03]: com.apple.driver.usb.AppleUSBXHCI (USB Port limit patch 10.14 (credits FredWst)) :: BinPatch :: data len: 9
0:108  0:000   - [04]: IONVMeFamily (IONVMeFamily change 0x10 -&gt; 0x01 for LiteOn CX2 (c) Pike R. Alpha implemented by Ricky) :: BinPatch :: data len: 9
0:108  0:000  KernelToPatch: 2 requested
0:108  0:000   - [00]:  Disable panic kext logging on 10.13 Release kernel :: MatchOS: 10.14.x :: data len: 6
0:108  0:000   - [01]: MSR 0xE2 _xcpm_idle instant reboot(c) Pike R. Alpha :: data len: 8
0:108  0:000  Default theme: SimpleThemeDark
0:108  0:000  Hiding entries with string Preboot
0:108  0:000  Hiding entries with string Recovery
0:108  0:000  Hiding entries with string Legacy HD3
0:108  0:000  Hiding entries with string Microsoft EFI Boot
0:108  0:000   Custom EDID is ok
0:108  0:000  === [ LoadDrivers ] =======================================
0:108  0:000  Loading ApfsDriverLoader-64.efi  status=Success
0:111  0:002   - driver needs connecting
0:111  0:000  Loading AptioMemoryFix-64.efi  status=Success
0:114  0:002  Loading FSInject-64.efi  status=Success
0:116  0:002  Loading HFSPlus.efi  status=Success
0:119  0:002   - driver needs connecting
0:119  0:000  2 drivers needs connecting ...
0:119  0:000  PlatformDriverOverrideProtocol->GetDriver overriden
0:119  0:000  HFS+ driver loaded
0:119  0:000  APFS driver loaded
0:119  0:000  Searching for invalid DiskIo BY_DRIVER connects: not found, all ok
0:671  0:552  === [ InitScreen ] ========================================
0:671  0:000  SetScreenResolution: 1920x1080 - already set
0:671  0:000  Console modes reported: 7, available modes:
0:671  0:000   - [01]: 80x25
0:671  0:000   - [02]: 80x50
0:671  0:000   - [03]: 80x25
0:671  0:000   - [04]: 240x56 (current mode)
0:671  0:000   - [05]: 100x31
0:671  0:000   - [06]: 128x40
0:671  0:000   - [07]: 160x53
0:671  0:000  SetScreenResolution: 1920x1080 - already set
0:671  0:000  reinit: self device path=PciRoot(0x0)\Pci(0x1D,0x0)\Pci(0x0,0x0)\NVMe(0x1,DF-ED-B2-81-B3-38-25-00)\HD(1,GPT,AEE869BB-6FA3-4EB5-AC2D-7DCC6E86BD0B,0x800,0x8A000)
0:672  0:000  === [ GetMacAddress ] =====================================
0:672  0:000  === [ ScanSPD ] ===========================================
0:672  0:000  SMBus device : 8086 9D23 class=0C0500 status=Success
0:672  0:000  SMBus CmdReg: 0x3
0:672  0:000  Scanning SMBus [8086:9D23], mmio: 0xA1233004, ioport: 0x3040, hostc: 0x11
0:672  0:000  Slots to scan [8]...
0:672  0:000  SPD[0]: Type 12 @0x50
0:689  0:016  Bad parity bank=0x87 code=0x46
0:689  0:000  Unknown vendor bank=0x07 code=0x46
0:689  0:000  Not using XMP because it is not present
0:689  0:000  DDR speed 2400MHz
0:689  0:000  Slot: 0 Type 26 16384MB 2400MHz Vendor=NoName PartNo=WAR4S2400D17161C SerialNo=0D040C01060F0F0A
0:690  0:001  === [ GetAcpiTablesList ] =================================
0:690  0:000  Get Acpi Tables List from RSDT:
0:690  0:000   - [00]: FACP  CB-01    len=268
0:690  0:000   - [01]: UEFI  CB-01    len=566
0:690  0:000   - [02]: UEFI  CB-01    len=66
0:690  0:000   - [03]: MSDM  CB-01    len=85
0:690  0:000   - [04]: SSDT  CB-01    len=1219
0:690  0:000   - [05]: SSDT  CB-01    len=70
0:690  0:000   - [06]: TPM2  CB-01    len=52
0:690  0:000   - [07]: SSDT  CB-01    len=12560
0:690  0:000   - [08]: SSDT  CB-01    len=14470
0:690  0:000   - [09]: ASF!  CB-01    len=165
0:690  0:000   - [10]: ASPT  CB-01    len=52
0:690  0:000   - [11]: BOOT  CB-01    len=40
0:690  0:000   - [12]: DBGP  CB-01    len=52
0:690  0:000   - [13]: HPET  CB-01    len=56
0:690  0:000   - [14]: APIC  CB-01    len=300
0:690  0:000   - [15]: MCFG  CB-01    len=60
0:690  0:000   - [16]: LPIT  CB-01    len=148
0:690  0:000   - [17]: WSMT  CB-01    len=40
0:690  0:000   - [18]: SSDT  CB-01    len=671
0:690  0:000   - [19]: SSDT  CB-01    len=838
0:690  0:000   - [20]: SSDT  CB-01    len=12290
0:690  0:000   - [21]: SSDT  CB-01    len=1310
0:690  0:000   - [22]: DBGP  CB-01    len=52
0:690  0:000   - [23]: DBG2  CB-01    len=84
0:690  0:000   - [24]: SSDT  CB-01    len=4838
0:690  0:000   - [25]: SSDT  CB-01    len=6062
0:690  0:000   - [26]: DMAR  CB-01    len=204
0:690  0:000   - [27]: FPDT  CB-01    len=68
0:690  0:000   - [28]: BGRT  CB-01    len=56
0:690  0:000  Calibrated TSC Frequency = 1799556530 = 1799MHz
0:690  0:000  === [ GetUserSettings ] ===================================
0:690  0:000   Custom EDID is ok
0:690  0:000  Can't install EdidOverride on ImageHandle
0:690  0:000  Add 1 devices:
0:690  0:000  USB FixOwnership: yes
0:690  0:000  Dropping 3 tables:
0:690  0:000   - [00]: Drop table  signature="DMAR" (52414D44)
0:690  0:000           - set table: 52414D44,                0 to drop: yes
0:690  0:000   - [01]: Drop table  signature="MATS" (5354414D)
0:690  0:000           - set table: 5354414D,                0 to drop: no
0:690  0:000   - [02]: Drop table  signature="BGRT" (54524742)
0:690  0:000           - set table: 54524742,                0 to drop: yes
0:690  0:000   - final DSDT Fix mask=01000040
0:690  0:000  PatchesDSDT: 13 requested
0:690  0:000   - [00]: (change HDAS to HDEF) lenToFind: 4, lenToReplace: 4, Target Bridge: <null string>
0:690  0:000   - [01]: (change _DSM to XDSM) lenToFind: 4, lenToReplace: 4, Target Bridge: <null string>
0:690  0:000   - [02]: (change _OSI to XOSI, pair with SSDT-XOSI.aml) lenToFind: 4, lenToReplace: 4, Target Bridge: <null string>
0:690  0:000   - [03]: (change EC0 to EC) lenToFind: 4, lenToReplace: 4, Target Bridge: <null string>
0:690  0:000   - [04]: (change H_EC to EC) lenToFind: 4, lenToReplace: 4, Target Bridge: <null string>
0:690  0:000   - [05]: (change GFX0 to IGPU, optionally pair with SSDT-IGPU.aml) lenToFind: 4, lenToReplace: 4, Target Bridge: <null string>
0:690  0:000   - [06]: (change HECI to IMEI, optionally pair with SSDT-IMEI.aml) lenToFind: 4, lenToReplace: 4, Target Bridge: <null string>
0:690  0:000   - [07]: (change SAT0 to SATA, optionally pair with SSDT-SATA.aml) lenToFind: 4, lenToReplace: 4, Target Bridge: <null string>
0:690  0:000   - [08]: (change LPC to LPCB, optionally pair with SSDT-DEHCI.aml, SSDT-DEH01.aml, SSDT-DEH02.aml, SSDT-LPC.aml) lenToFind: 4, lenToReplace: 4, Target Bridge: <null string>
0:690  0:000   - [09]: (change LANC Method(_PRW,0,S) to Method(XPRW,0,..), pair with SSDT-LANCPRW.aml) lenToFind: 11, lenToReplace: 11, Target Bridge: <null string>
0:690  0:000   - [10]: (change Method(GPRW,2,N) to XPRW, pair with SSDT-GPRW.aml) lenToFind: 5, lenToReplace: 5, Target Bridge: <null string>
0:690  0:000   - [11]: (change Method(_WAK,1,S) to ZWAK, pair with SSDT-PTSWAK.aml) lenToFind: 5, lenToReplace: 5, Target Bridge: <null string>
0:690  0:000   - [12]: (change Method(_PTS,1,S) to ZPTS, pair with SSDT-PTSWAK.aml) lenToFind: 5, lenToReplace: 5, Target Bridge: <null string>
0:690  0:000  ResetAddr: 0xB2
0:690  0:000  Calc ResetVal: 0x0
0:690  0:000  ResetVal: 0xFB
0:690  0:000  Using ProductName from config: MacBookPro14,1
0:690  0:000  Found same BiosVersion in clover and config
0:690  0:000  BiosVersion: MBP141.88Z.0178.B00.1806260902
0:690  0:000  BiosReleaseDate: 06/26/2018
0:690  0:000  Using FirmwareFeatures from config: 0xFC0FE137
0:690  0:000  Using FirmwareFeaturesMask from config: 0xFF1FFF3F
0:691  0:000  Board-ID set from config as Mac-B4831CEBD52A0C4C
0:691  0:000  BoardType: 0xA
0:691  0:000  ChassisType: 0x9
0:691  0:000  Converted CustomUUID AA9F48BE-EE34-4D89-8677-E8D35A3C171B
0:691  0:000  === [ Found DSDT tables ] =================================
1:656  0:964  === [ ScanVolumes ] =======================================
1:656  0:000  Found 11 volumes with blockIO
1:656  0:000  - [00]: Volume: PciRoot(0x0)\Pci(0x1D,0x0)\Pci(0x0,0x0)\NVMe(0x1,DF-ED-B2-81-B3-38-25-00)
1:656  0:000  - [01]: Volume: PciRoot(0x0)\Pci(0x1D,0x0)\Pci(0x0,0x0)\NVMe(0x1,DF-ED-B2-81-B3-38-25-00)\HD(1,GPT,AEE869BB-6FA3-4EB5-AC2D-7DCC6E86BD0B,0x800,0x8A000)
1:656  0:000          Result of bootcode detection: bootable Windows (win)
1:658  0:002          This is SelfVolume !!
1:658  0:000  - [02]: Volume: PciRoot(0x0)\Pci(0x1D,0x0)\Pci(0x0,0x0)\NVMe(0x1,DF-ED-B2-81-B3-38-25-00)\HD(2,GPT,B4175A9B-F6D3-4A22-A152-DB383E6EEF2B,0x8A800,0xA0F0000)
1:659  0:000          Result of bootcode detection: bootable Windows (vista,win)
1:659  0:000  - [03]: Volume: PciRoot(0x0)\Pci(0x1D,0x0)\Pci(0x0,0x0)\NVMe(0x1,DF-ED-B2-81-B3-38-25-00)\HD(3,GPT,41EC10F0-6B93-11E8-B522-B46BFCFBDEBA,0xA17A800,0x3C03938)
1:659  0:000          Result of bootcode detection: bootable Windows (vista,win)
1:659  0:000          hiding this volume
1:659  0:000  - [04]: Volume: PciRoot(0x0)\Pci(0x1D,0x0)\Pci(0x0,0x0)\NVMe(0x1,DF-ED-B2-81-B3-38-25-00)\HD(4,GPT,B324B516-C105-4740-84F2-A235F759859A,0xDD7E800,0x5057800)
1:659  0:000          Result of bootcode detection: bootable unknown (legacy)
1:659  0:000  - [05]: Volume: PciRoot(0x0)\Pci(0x1D,0x0)\Pci(0x0,0x0)\NVMe(0x1,DF-ED-B2-81-B3-38-25-00)\HD(5,GPT,41EC110E-6B93-11E8-B522-B46BFCFBDEBA,0x12DD6000,0xAD2775A)
1:659  0:000          Result of bootcode detection: bootable Windows (vista,win)
1:659  0:000  - [06]: Volume: PciRoot(0x0)\Pci(0x1D,0x0)\Pci(0x0,0x0)\NVMe(0x1,DF-ED-B2-81-B3-38-25-00)\HD(6,GPT,BB941106-94A5-4CE4-A214-52FF46F7F95C,0x1DAFF000,0x1F4000)
1:659  0:000          Result of bootcode detection: bootable Windows (vista,win)
1:659  0:000  - [07]: Volume: PciRoot(0x0)\Pci(0x1D,0x0)\Pci(0x0,0x0)\NVMe(0x1,DF-ED-B2-81-B3-38-25-00)\HD(4,GPT,B324B516-C105-4740-84F2-A235F759859A,0xDD7E800,0x5057800)\VenMedia(BE74FCF7-0B7C-49F3-9147-01F4042E6842,43BD5222284ABF4080B8EC06EAB4187A)
1:659  0:000          hiding this volume
1:659  0:000  - [08]: Volume: PciRoot(0x0)\Pci(0x1D,0x0)\Pci(0x0,0x0)\NVMe(0x1,DF-ED-B2-81-B3-38-25-00)\HD(4,GPT,B324B516-C105-4740-84F2-A235F759859A,0xDD7E800,0x5057800)\VenMedia(BE74FCF7-0B7C-49F3-9147-01F4042E6842,2E560FFDC10DD440BEC199EA397626AE)
1:659  0:000  - [09]: Volume: PciRoot(0x0)\Pci(0x1D,0x0)\Pci(0x0,0x0)\NVMe(0x1,DF-ED-B2-81-B3-38-25-00)\HD(4,GPT,B324B516-C105-4740-84F2-A235F759859A,0xDD7E800,0x5057800)\VenMedia(BE74FCF7-0B7C-49F3-9147-01F4042E6842,7B96B558DB11C04F91DF01D1C5C8B34E)
1:659  0:000          hiding this volume
1:659  0:000  - [10]: Volume: PciRoot(0x0)\Pci(0x1D,0x0)\Pci(0x0,0x0)\NVMe(0x1,DF-ED-B2-81-B3-38-25-00)\HD(4,GPT,B324B516-C105-4740-84F2-A235F759859A,0xDD7E800,0x5057800)\VenMedia(BE74FCF7-0B7C-49F3-9147-01F4042E6842,B25ECDFD1C121E409058411326E30816)
1:660  0:000  === [ InitTheme ] =========================================
1:663  0:003  Using theme 'SimpleThemeDark' (EFI\CLOVER\themes\SimpleThemeDark)
1:663  0:000  OS main and drive as badge
1:665  0:001  Loading font from ThemeDir: Success
1:665  0:000  Chosen theme SimpleThemeDark
1:665  0:000  after NVRAM boot-args=nv_disable=1 dart=0 cpus=1 -disablegfxfirmware -lilubetaall
1:665  0:000  === [ Dump SMC keys from NVRAM ] ==========================
1:665  0:000  no AppleSMC protocol
1:677  0:012  === [ ScanLoader ] ========================================
1:677  0:000  - [01]: ''
1:679  0:001          AddLoaderEntry for Volume Name=
1:700  0:021          AddLoaderEntry for Volume Name=
1:700  0:000          skipped because entry is hidden
1:700  0:000  - [07]: 'Preboot', hidden
1:700  0:000  - [08]: 'mac'
1:704  0:003          AddLoaderEntry for Volume Name=mac
1:705  0:001      hibernated: set as never
1:706  0:000          [!] Icon 18 (icons\vol_internal_apfs.icns) not found (path: EFI\CLOVER\themes\SimpleThemeDark)
1:725  0:018  - [09]: 'Recovery', hidden
1:725  0:000  - [10]: 'VM'
1:742  0:017  Scanning legacy ...
1:742  0:000   1: '' (win) add legacy
1:743  0:000   added 'Boot Windows from ' OSType=2 Icon=win
1:743  0:000   2: 'Legacy HD2' (vista,win) add legacy
1:744  0:000   added 'Boot Windows from Legacy HD2' OSType=2 Icon=vista,win
1:744  0:000   3: 'Legacy HD3' (vista,win) hidden
1:744  0:000   5: 'Legacy HD5' (vista,win) add legacy
1:744  0:000   added 'Boot Windows from Legacy HD5' OSType=2 Icon=vista,win
1:744  0:000   6: 'Legacy HD6' (vista,win) add legacy
1:745  0:000   added 'Boot Windows from Legacy HD6' OSType=2 Icon=vista,win
1:745  0:000  === [ AddCustomTool ] =====================================
1:746  0:000  found tool \EFI\CLOVER\tools\Shell64U.efi
1:747  0:001  === [ GetEfiBootDeviceFromNvram ] =========================
1:747  0:000   - efi-boot-device-data: PciRoot(0x0)\Pci(0x1D,0x0)\Pci(0x0,0x0)\NVMe(0x1,DF-ED-B2-81-B3-38-25-00)\HD(4,GPT,B324B516-C105-4740-84F2-A235F759859A,0xDD7E800,0x5057800)\VenMedia(BE74FCF7-0B7C-49F3-9147-01F4042E6842,2E560FFDC10DD440BEC199EA397626AE)
1:747  0:000    - Volume: 'PciRoot(0x0)\Pci(0x1D,0x0)\Pci(0x0,0x0)\NVMe(0x1,DF-ED-B2-81-B3-38-25-00)\HD(4,GPT,B324B516-C105-4740-84F2-A235F759859A,0xDD7E800,0x5057800)\VenMedia(BE74FCF7-0B7C-49F3-9147-01F4042E6842,2E560FFDC10DD440BEC199EA397626AE)'
1:747  0:000    - LoaderPath: '<null string>'
1:747  0:000    - Guid = B324B516-C105-4740-84F2-A235F759859A
1:747  0:000  === [ FindStartupDiskVolume ] =============================
1:747  0:000    - Volume: partition = PciRoot(0x0)\Pci(0x1D,0x0)\Pci(0x0,0x0)\NVMe(0x1,DF-ED-B2-81-B3-38-25-00)\HD(4,GPT,B324B516-C105-4740-84F2-A235F759859A,0xDD7E800,0x5057800)\VenMedia(BE74FCF7-0B7C-49F3-9147-01F4042E6842,2E560FFDC10DD440BEC199EA397626AE)
1:747  0:000     - searching for that partition
1:747  0:000      - found entry 1. 'Boot macOS from mac', Volume 'mac'
1:747  0:000  Boot redirected to Entry 1. 'Boot macOS from mac'
1:747  0:000  DefaultIndex=1 and MainMenu.EntryCount=11
1:814  0:067          [!] Icon 11 (icons\pointer.png) not found (path: EFI\CLOVER\themes\SimpleThemeDark)
1:816  0:001  GUI ready
38:591  36:774  EDITED: nv_disable=1 dart=0 cpus=1 -disablegfxfirmware -lilubetaall -f -x
40:110  1:519  ReinitSelfLib after theme change
40:110  0:000  reinit: self device path=PciRoot(0x0)\Pci(0x1D,0x0)\Pci(0x0,0x0)\NVMe(0x1,DF-ED-B2-81-B3-38-25-00)\HD(1,GPT,AEE869BB-6FA3-4EB5-AC2D-7DCC6E86BD0B,0x800,0x8A000)
40:110  0:000  === [ ScanVolumes ] =======================================
40:110  0:000  Found 11 volumes with blockIO
40:110  0:000  - [00]: Volume: PciRoot(0x0)\Pci(0x1D,0x0)\Pci(0x0,0x0)\NVMe(0x1,DF-ED-B2-81-B3-38-25-00)
40:110  0:000  - [01]: Volume: PciRoot(0x0)\Pci(0x1D,0x0)\Pci(0x0,0x0)\NVMe(0x1,DF-ED-B2-81-B3-38-25-00)\HD(1,GPT,AEE869BB-6FA3-4EB5-AC2D-7DCC6E86BD0B,0x800,0x8A000)
40:111  0:000          Result of bootcode detection: bootable Windows (win)
40:111  0:000          This is SelfVolume !!
40:111  0:000  - [02]: Volume: PciRoot(0x0)\Pci(0x1D,0x0)\Pci(0x0,0x0)\NVMe(0x1,DF-ED-B2-81-B3-38-25-00)\HD(2,GPT,B4175A9B-F6D3-4A22-A152-DB383E6EEF2B,0x8A800,0xA0F0000)
40:111  0:000          Result of bootcode detection: bootable Windows (vista,win)
40:111  0:000  - [03]: Volume: PciRoot(0x0)\Pci(0x1D,0x0)\Pci(0x0,0x0)\NVMe(0x1,DF-ED-B2-81-B3-38-25-00)\HD(3,GPT,41EC10F0-6B93-11E8-B522-B46BFCFBDEBA,0xA17A800,0x3C03938)
40:111  0:000          Result of bootcode detection: bootable Windows (vista,win)
40:111  0:000          hiding this volume
40:111  0:000  - [04]: Volume: PciRoot(0x0)\Pci(0x1D,0x0)\Pci(0x0,0x0)\NVMe(0x1,DF-ED-B2-81-B3-38-25-00)\HD(4,GPT,B324B516-C105-4740-84F2-A235F759859A,0xDD7E800,0x5057800)
40:111  0:000          Result of bootcode detection: bootable unknown (legacy)
40:111  0:000  - [05]: Volume: PciRoot(0x0)\Pci(0x1D,0x0)\Pci(0x0,0x0)\NVMe(0x1,DF-ED-B2-81-B3-38-25-00)\HD(5,GPT,41EC110E-6B93-11E8-B522-B46BFCFBDEBA,0x12DD6000,0xAD2775A)
40:111  0:000          Result of bootcode detection: bootable Windows (vista,win)
40:111  0:000  - [06]: Volume: PciRoot(0x0)\Pci(0x1D,0x0)\Pci(0x0,0x0)\NVMe(0x1,DF-ED-B2-81-B3-38-25-00)\HD(6,GPT,BB941106-94A5-4CE4-A214-52FF46F7F95C,0x1DAFF000,0x1F4000)
40:112  0:000          Result of bootcode detection: bootable Windows (vista,win)
40:112  0:000  - [07]: Volume: PciRoot(0x0)\Pci(0x1D,0x0)\Pci(0x0,0x0)\NVMe(0x1,DF-ED-B2-81-B3-38-25-00)\HD(4,GPT,B324B516-C105-4740-84F2-A235F759859A,0xDD7E800,0x5057800)\VenMedia(BE74FCF7-0B7C-49F3-9147-01F4042E6842,43BD5222284ABF4080B8EC06EAB4187A)
40:112  0:000          hiding this volume
40:112  0:000  - [08]: Volume: PciRoot(0x0)\Pci(0x1D,0x0)\Pci(0x0,0x0)\NVMe(0x1,DF-ED-B2-81-B3-38-25-00)\HD(4,GPT,B324B516-C105-4740-84F2-A235F759859A,0xDD7E800,0x5057800)\VenMedia(BE74FCF7-0B7C-49F3-9147-01F4042E6842,2E560FFDC10DD440BEC199EA397626AE)
40:112  0:000  - [09]: Volume: PciRoot(0x0)\Pci(0x1D,0x0)\Pci(0x0,0x0)\NVMe(0x1,DF-ED-B2-81-B3-38-25-00)\HD(4,GPT,B324B516-C105-4740-84F2-A235F759859A,0xDD7E800,0x5057800)\VenMedia(BE74FCF7-0B7C-49F3-9147-01F4042E6842,7B96B558DB11C04F91DF01D1C5C8B34E)
40:112  0:000          hiding this volume
40:112  0:000  - [10]: Volume: PciRoot(0x0)\Pci(0x1D,0x0)\Pci(0x0,0x0)\NVMe(0x1,DF-ED-B2-81-B3-38-25-00)\HD(4,GPT,B324B516-C105-4740-84F2-A235F759859A,0xDD7E800,0x5057800)\VenMedia(BE74FCF7-0B7C-49F3-9147-01F4042E6842,B25ECDFD1C121E409058411326E30816)
40:112  0:000  Chosen theme SimpleThemeDark
40:112  0:000  after NVRAM boot-args=nv_disable=1 dart=0 cpus=1 -disablegfxfirmware -lilubetaall -f -x 
40:112  0:000  === [ ScanLoader ] ========================================
40:112  0:000  - [01]: ''
40:113  0:000          AddLoaderEntry for Volume Name=
40:133  0:020          AddLoaderEntry for Volume Name=
40:133  0:000          skipped because entry is hidden
40:133  0:000  - [07]: 'Preboot', hidden
40:133  0:000  - [08]: 'mac'
40:134  0:001          AddLoaderEntry for Volume Name=mac
40:135  0:000      hibernated: set as never
40:153  0:018  - [09]: 'Recovery', hidden
40:153  0:000  - [10]: 'VM'
40:171  0:017  Scanning legacy ...
40:171  0:000   1: '' (win) add legacy
40:171  0:000   added 'Boot Windows from ' OSType=2 Icon=win
40:171  0:000   2: 'Legacy HD2' (vista,win) add legacy
40:172  0:000   added 'Boot Windows from Legacy HD2' OSType=2 Icon=vista,win
40:172  0:000   3: 'Legacy HD3' (vista,win) hidden
40:172  0:000   5: 'Legacy HD5' (vista,win) add legacy
40:173  0:000   added 'Boot Windows from Legacy HD5' OSType=2 Icon=vista,win
40:173  0:000   6: 'Legacy HD6' (vista,win) add legacy
40:174  0:000   added 'Boot Windows from Legacy HD6' OSType=2 Icon=vista,win
40:174  0:000  === [ AddCustomTool ] =====================================
40:174  0:000  found tool \EFI\CLOVER\tools\Shell64U.efi
40:174  0:000  === [ GetEfiBootDeviceFromNvram ] =========================
40:174  0:000  === [ FindStartupDiskVolume ] =============================
40:174  0:000    - Volume: partition = PciRoot(0x0)\Pci(0x1D,0x0)\Pci(0x0,0x0)\NVMe(0x1,DF-ED-B2-81-B3-38-25-00)\HD(4,GPT,B324B516-C105-4740-84F2-A235F759859A,0xDD7E800,0x5057800)\VenMedia(BE74FCF7-0B7C-49F3-9147-01F4042E6842,2E560FFDC10DD440BEC199EA397626AE)
40:174  0:000     - searching for that partition
40:174  0:000      - found entry 1. 'Boot macOS from mac', Volume 'mac'
40:174  0:000  Boot redirected to Entry 1. 'Boot macOS from mac'
40:174  0:000  DefaultIndex=1 and MainMenu.EntryCount=11
40:660  0:485  Boot option Boot0000 not found
40:660  0:000  === [ StartLoader ] =======================================
40:660  0:000  Finally: ExternalClock=25MHz BusSpeed=99976kHz CPUFreq=1800MHz PIS: hw.busfrequency=100000000Hz
40:660  0:000  Loading boot.efi  status=Success
40:704  0:044  GetOSVersion: 10.14 (18A391)
40:704  0:000  CSR_CFG: CSR_ALLOW_UNTRUSTED_KEXTS | CSR_ALLOW_UNRESTRICTED_FS | CSR_ALLOW_TASK_FOR_PID | CSR_ALLOW_KERNEL_DEBUGGER | CSR_ALLOW_APPLE_INTERNAL | CSR_ALLOW_UNRESTRICTED_DTRACE | CSR_ALLOW_UNRESTRICTED_NVRAM | CSR_ALLOW_DEVICE_CONFIGURATION | CSR_ALLOW_ANY_RECOVERY_
40:704  0:000  Filtering KextPatches:
40:704  0:000   - [00]: IOBluetoothFamily (10.11+-BT4LE-Handoff-Hotspot-lisai9093) :: BinPatch :: [OS: 10.14 | MatchOS: All | MatchBuild: All] ==> allowed
40:704  0:000   - [01]: com.apple.driver.usb.AppleUSBXHCIPCI (change 15 port limit to 26 in XHCI kext) :: BinPatch :: [OS: 10.14 | MatchOS: 10.13.0,10.13.1,10.13.2,10.13.3 | MatchBuild: All] ==> not allowed
40:704  0:000   - [02]: com.apple.driver.AppleIntelKBLGraphicsFramebuffer (Disable minStolenSize less or equal fStolenMemorySize assertion, 10.14 (credit Austere.J)) :: BinPatch :: [OS: 10.14 | MatchOS: 10.14,10.14.x | MatchBuild: All] ==> allowed
40:704  0:000   - [03]: com.apple.driver.usb.AppleUSBXHCI (USB Port limit patch 10.14 (credits FredWst)) :: BinPatch :: [OS: 10.14 | MatchOS: All | MatchBuild: All] ==> allowed
40:704  0:000   - [04]: IONVMeFamily (IONVMeFamily change 0x10 -&gt; 0x01 for LiteOn CX2 (c) Pike R. Alpha implemented by Ricky) :: BinPatch :: [OS: 10.14 | MatchOS: All | MatchBuild: All] ==> allowed
40:704  0:000  Filtering KernelPatches:
40:704  0:000   - [00]:  Disable panic kext logging on 10.13 Release kernel :: [OS: 10.14 | MatchOS: 10.14.x | MatchBuild: no] ==> allowed by OS
40:704  0:000   - [01]: MSR 0xE2 _xcpm_idle instant reboot(c) Pike R. Alpha :: [OS: 10.14 | MatchOS: All | MatchBuild: no] ==> allowed by OS
40:704  0:000  Will not patch boot.efi
40:704  0:000  === [ PatchSmbios ] =======================================
40:704  0:000  insert table 9 for dev 0:0
40:705  0:000  Trusting SMBIOS...
40:705  0:000  Channels: 1
40:705  0:000  Interleave: 0 1 2 3 4 5 6 7 8 9 10 11 12 13 14 15 16 17 18 19 20 21 22 23
40:705  0:000   partNum=WAR4S2400D17161C    
40:705  0:000  Type17->Manufacturer corrected by SMBIOS from NoName to 8746
40:705  0:000  SMBIOS Type 17 Index = 0 => 0 0:
40:705  0:000  BANK 0 DIMM0 2400MHz 16384MB
40:705  0:000  mTotalSystemMemory = 16384
40:705  0:000  NumberOfMemoryDevices = 1
40:705  0:000  Table 131 is present, CPUType=31
40:705  0:000  Change to: 605
40:705  0:000  Table 133 is present, PlatformFeature=4F484B01
40:705  0:000  Change to: 1A
40:705  0:000  === [ PatchACPI ] =========================================
40:705  0:000  Xsdt reallocation done
40:705  0:000  old FADT length=10C
40:705  0:000   SignatureFixup: 0x74C1407C -> 0x0
40:705  0:000  Apply DsdtFixMask=0x01000040
40:705  0:000     drop _DSM mask=0xFFFF
40:705  0:000  === [ FixBiosDsdt ] =======================================
40:705  0:000  VideoCard devID=0x59178086
40:705  0:000  DisplayADR1[0] = 0x20000, DisplayADR2[0] = 0xFFFE
40:705  0:000  USBADR[0] = 0x140000 and PCIe = 0xFFFE
40:706  0:000  Audio HDA (addr:0x1F0003) setting specified layout-id=3 (0x3)
40:706  0:000  Patching DSDT:
40:706  0:000   - [change HDAS to HDEF]: pattern 48444153, patched at: [ (2BE) (12) (12) (4504) (1A8D) (84) (D) (2B) (32) (4F) (6F) (C3) ]
40:706  0:000   - [change _DSM to XDSM]: pattern 5F44534D, patched at: [ (3653) (13E9) (6B) (29) (727) (10D) (6) (C0A) (503) (11) (53) (22) (22) (33) (36) (112) (38C) (38C) (38C) (38C) (38C) (38C) (38C) (38C) (38C) (38C) (38C) (38C) (38C) (38C) (38C) (38C) (38C) (38C) (38C) (38C) (38C) (38C) (38C) (29E) (233D) (D3) (D3) (D3) (D3) (D3) (BE) (BE) (CC) (104) (104) (286) (333) (F2E) (1A4) (9E) (58) ]
40:706  0:000   - [change _OSI to XOSI, pair with SSDT-XOSI.aml]: pattern 5F4F5349, patched at: [ (14517) (3) (11) (18) (1C) (1C) (1A) (18) (18) (18) (18) (2C5E) ]
40:706  0:000   - [change EC0 to EC]: pattern 4543305F, patched at: [ (546D) (26) (10) (20) (12) (18) (10) (94E4) (16) (14B1) (E5A) (1382) (16) (17) (13) (115) (16) (4E) (37) (6D) (1494) (201) ]
40:706  0:000   - [change H_EC to EC]: pattern 485F4543, patched at: [ (2A8) (5E24) (10) ]
40:706  0:000   - [change GFX0 to IGPU, optionally pair with SSDT-IGPU.aml]: pattern 47465830, patched at: [ (51) (E) (12) (12) (12) (70) (12) (12) (55D) (39) (12) (2F3F) (E510) (13) (41) (1A) (37) (1B) (94) (4A) (1DD3) (1D) (1ACC) (27) (1E4D) (1B2F) (14) ]
40:706  0:000   - [change HECI to IMEI, optionally pair with SSDT-IMEI.aml]: pattern 48454349, patched at: [ (FE69) ]
40:706  0:000   - [change SAT0 to SATA, optionally pair with SSDT-SATA.aml]: pattern 53415430, patched at: [ (31B) (D) (D) (16) (B79D) (30) ]
40:706  0:000   - [change LPC to LPCB, optionally pair with SSDT-DEHCI.aml, SSDT-DEH01.aml, SSDT-DEH02.aml, SSDT-LPC.aml]: pattern 4C50435F, patched at: [ (4A5C) (8) (DE12) ]
40:707  0:000   - [change LANC Method(_PRW,0,S) to Method(XPRW,0,..), pair with SSDT-LANCPRW.aml]: pattern 00001900, bin not found / already patched!
40:707  0:000   - [change Method(GPRW,2,N) to XPRW, pair with SSDT-GPRW.aml]: pattern 47505257, patched at: [ (14A98) ]
40:707  0:000   - [change Method(_WAK,1,S) to ZWAK, pair with SSDT-PTSWAK.aml]: pattern 5F57414B, patched at: [ (1395A) ]
40:707  0:000   - [change Method(_PTS,1,S) to ZPTS, pair with SSDT-PTSWAK.aml]: pattern 5F505453, bin not found / already patched!
40:707  0:000    0 replacements
40:707  0:000  first CPU found at 16EBB offset 16EBE
40:707  0:000  score candidate at 16EB7
40:707  0:000  score inserted in acpi_cpu_score _PR_
40:707  0:000  Found ACPI CPU: PR00 | PR01 | PR02 | PR03 | PR04 | PR05 | PR06 | PR07 | PR08 | PR09 | PR10 | PR11 | PR12 | PR13 | PR14 | PR15 , within the score: _PR_
40:707  0:000  Start PIC Fix
40:708  0:000  PIC size=A5 at 126F0
40:708  0:000  found CRS at 12704 size 8D
40:708  0:000  found PIC had IRQNoFlag will move -3 bytes
40:708  0:000  Fix Device PIC size -3
40:708  0:000  Start PNLF Fix
40:708  0:000  found PWRB at 12161
40:708  0:000  PreCleanup XSDT: count=29, length=268
40:708  0:000  PreCleanup XSDT, corrected XSDT: count=29, length=268
40:708  0:000  === [ ACPIDropTables ] ====================================
40:708  0:000  Drop tables from XSDT, SIGN=BGRT TableID=CB-01    Length=56
40:708  0:000   Table[28]: BGRT  CB-01     56 dropped
40:708  0:000  Drop tables from XSDT, SIGN=DMAR TableID=CB-01    Length=204
40:708  0:000   Table[26]: DMAR  CB-01     204 dropped
40:708  0:000  0. [change HDAS to HDEF]: pattern 48444153, bin not found / already patched!
40:708  0:000  1. [change _DSM to XDSM]: pattern 5F44534D, patched at: [ (425) ]
40:708  0:000  2. [change _OSI to XOSI, pair with SSDT-XOSI.aml]: pattern 5F4F5349, bin not found / already patched!
40:708  0:000  3. [change EC0 to EC]: pattern 4543305F, bin not found / already patched!
40:708  0:000  4. [change H_EC to EC]: pattern 485F4543, bin not found / already patched!
40:708  0:000  5. [change GFX0 to IGPU, optionally pair with SSDT-IGPU.aml]: pattern 47465830, bin not found / already patched!
40:708  0:000  6. [change HECI to IMEI, optionally pair with SSDT-IMEI.aml]: pattern 48454349, bin not found / already patched!
40:708  0:000  7. [change SAT0 to SATA, optionally pair with SSDT-SATA.aml]: pattern 53415430, bin not found / already patched!
40:708  0:000  8. [change LPC to LPCB, optionally pair with SSDT-DEHCI.aml, SSDT-DEH01.aml, SSDT-DEH02.aml, SSDT-LPC.aml]: pattern 4C50435F, bin not found / already patched!
40:708  0:000  9. [change LANC Method(_PRW,0,S) to Method(XPRW,0,..), pair with SSDT-LANCPRW.aml]: pattern 00001900, bin not found / already patched!
40:708  0:000  10. [change Method(GPRW,2,N) to XPRW, pair with SSDT-GPRW.aml]: pattern 47505257, bin not found / already patched!
40:708  0:000  11. [change Method(_WAK,1,S) to ZWAK, pair with SSDT-PTSWAK.aml]: pattern 5F57414B, bin not found / already patched!
40:708  0:000  12. [change Method(_PTS,1,S) to ZPTS, pair with SSDT-PTSWAK.aml]: pattern 5F505453, bin not found / already patched!
40:708  0:000    0 replacements
40:708  0:000  Found OperationRegion(FHCI, SystemMemory, FED40000, ...)
40:708  0:000  Found OperationRegion(TNVS, SystemMemory, 7FF6D000, ...)
40:708  0:000  0. [change HDAS to HDEF]: pattern 48444153, bin not found / already patched!
40:708  0:000  1. [change _DSM to XDSM]: pattern 5F44534D, bin not found / already patched!
40:708  0:000  2. [change _OSI to XOSI, pair with SSDT-XOSI.aml]: pattern 5F4F5349, bin not found / already patched!
40:708  0:000  3. [change EC0 to EC]: pattern 4543305F, bin not found / already patched!
40:708  0:000  4. [change H_EC to EC]: pattern 485F4543, bin not found / already patched!
40:708  0:000  5. [change GFX0 to IGPU, optionally pair with SSDT-IGPU.aml]: pattern 47465830, bin not found / already patched!
40:708  0:000  6. [change HECI to IMEI, optionally pair with SSDT-IMEI.aml]: pattern 48454349, bin not found / already patched!
40:708  0:000  7. [change SAT0 to SATA, optionally pair with SSDT-SATA.aml]: pattern 53415430, bin not found / already patched!
40:708  0:000  8. [change LPC to LPCB, optionally pair with SSDT-DEHCI.aml, SSDT-DEH01.aml, SSDT-DEH02.aml, SSDT-LPC.aml]: pattern 4C50435F, bin not found / already patched!
40:708  0:000  9. [change LANC Method(_PRW,0,S) to Method(XPRW,0,..), pair with SSDT-LANCPRW.aml]: pattern 00001900, bin not found / already patched!
40:708  0:000  10. [change Method(GPRW,2,N) to XPRW, pair with SSDT-GPRW.aml]: pattern 47505257, bin not found / already patched!
40:708  0:000  11. [change Method(_WAK,1,S) to ZWAK, pair with SSDT-PTSWAK.aml]: pattern 5F57414B, bin not found / already patched!
40:708  0:000  12. [change Method(_PTS,1,S) to ZPTS, pair with SSDT-PTSWAK.aml]: pattern 5F505453, bin not found / already patched!
40:708  0:000    0 replacements
40:708  0:000  Found OperationRegion(MENV, SystemMemory, 7FF70FD8, ...)
40:708  0:000  0. [change HDAS to HDEF]: pattern 48444153, bin not found / already patched!
40:708  0:000  1. [change _DSM to XDSM]: pattern 5F44534D, patched at: [ (2BFE) ]
40:708  0:000  2. [change _OSI to XOSI, pair with SSDT-XOSI.aml]: pattern 5F4F5349, bin not found / already patched!
40:708  0:000  3. [change EC0 to EC]: pattern 4543305F, bin not found / already patched!
40:709  0:000  4. [change H_EC to EC]: pattern 485F4543, bin not found / already patched!
40:709  0:000  5. [change GFX0 to IGPU, optionally pair with SSDT-IGPU.aml]: pattern 47465830, patched at: [ (2D) (E) (46) (269) (1C8A) (A3A) (1D) (6EC) ]
40:709  0:000  6. [change HECI to IMEI, optionally pair with SSDT-IMEI.aml]: pattern 48454349, bin not found / already patched!
40:709  0:000  7. [change SAT0 to SATA, optionally pair with SSDT-SATA.aml]: pattern 53415430, bin not found / already patched!
40:709  0:000  8. [change LPC to LPCB, optionally pair with SSDT-DEHCI.aml, SSDT-DEH01.aml, SSDT-DEH02.aml, SSDT-LPC.aml]: pattern 4C50435F, bin not found / already patched!
40:709  0:000  9. [change LANC Method(_PRW,0,S) to Method(XPRW,0,..), pair with SSDT-LANCPRW.aml]: pattern 00001900, bin not found / already patched!
40:709  0:000  10. [change Method(GPRW,2,N) to XPRW, pair with SSDT-GPRW.aml]: pattern 47505257, bin not found / already patched!
40:709  0:000  11. [change Method(_WAK,1,S) to ZWAK, pair with SSDT-PTSWAK.aml]: pattern 5F57414B, bin not found / already patched!
40:709  0:000  12. [change Method(_PTS,1,S) to ZPTS, pair with SSDT-PTSWAK.aml]: pattern 5F505453, bin not found / already patched!
40:709  0:000    0 replacements
40:709  0:000  Found OperationRegion(SANV, SystemMemory, 7FF6CBD8, ...)
40:709  0:000  0. [change HDAS to HDEF]: pattern 48444153, bin not found / already patched!
40:709  0:000  1. [change _DSM to XDSM]: pattern 5F44534D, patched at: [ (A67) ]
40:709  0:000  2. [change _OSI to XOSI, pair with SSDT-XOSI.aml]: pattern 5F4F5349, bin not found / already patched!
40:709  0:000  3. [change EC0 to EC]: pattern 4543305F, patched at: [ (A0A) (12) (16) (1D2A) (25) ]
40:709  0:000  4. [change H_EC to EC]: pattern 485F4543, bin not found / already patched!
40:709  0:000  5. [change GFX0 to IGPU, optionally pair with SSDT-IGPU.aml]: pattern 47465830, bin not found / already patched!
40:709  0:000  6. [change HECI to IMEI, optionally pair with SSDT-IMEI.aml]: pattern 48454349, bin not found / already patched!
40:709  0:000  7. [change SAT0 to SATA, optionally pair with SSDT-SATA.aml]: pattern 53415430, bin not found / already patched!
40:709  0:000  8. [change LPC to LPCB, optionally pair with SSDT-DEHCI.aml, SSDT-DEH01.aml, SSDT-DEH02.aml, SSDT-LPC.aml]: pattern 4C50435F, bin not found / already patched!
40:709  0:000  9. [change LANC Method(_PRW,0,S) to Method(XPRW,0,..), pair with SSDT-LANCPRW.aml]: pattern 00001900, bin not found / already patched!
40:709  0:000  10. [change Method(GPRW,2,N) to XPRW, pair with SSDT-GPRW.aml]: pattern 47505257, bin not found / already patched!
40:709  0:000  11. [change Method(_WAK,1,S) to ZWAK, pair with SSDT-PTSWAK.aml]: pattern 5F57414B, bin not found / already patched!
40:709  0:000  12. [change Method(_PTS,1,S) to ZPTS, pair with SSDT-PTSWAK.aml]: pattern 5F505453, bin not found / already patched!
40:709  0:000    0 replacements
40:709  0:000  0. [change HDAS to HDEF]: pattern 48444153, bin not found / already patched!
40:709  0:000  1. [change _DSM to XDSM]: pattern 5F44534D, patched at: [ (A5) ]
40:709  0:000  2. [change _OSI to XOSI, pair with SSDT-XOSI.aml]: pattern 5F4F5349, bin not found / already patched!
40:709  0:000  3. [change EC0 to EC]: pattern 4543305F, bin not found / already patched!
40:709  0:000  4. [change H_EC to EC]: pattern 485F4543, bin not found / already patched!
40:709  0:000  5. [change GFX0 to IGPU, optionally pair with SSDT-IGPU.aml]: pattern 47465830, bin not found / already patched!
40:709  0:000  6. [change HECI to IMEI, optionally pair with SSDT-IMEI.aml]: pattern 48454349, bin not found / already patched!
40:709  0:000  7. [change SAT0 to SATA, optionally pair with SSDT-SATA.aml]: pattern 53415430, bin not found / already patched!
40:709  0:000  8. [change LPC to LPCB, optionally pair with SSDT-DEHCI.aml, SSDT-DEH01.aml, SSDT-DEH02.aml, SSDT-LPC.aml]: pattern 4C50435F, bin not found / already patched!
40:709  0:000  9. [change LANC Method(_PRW,0,S) to Method(XPRW,0,..), pair with SSDT-LANCPRW.aml]: pattern 00001900, bin not found / already patched!
40:709  0:000  10. [change Method(GPRW,2,N) to XPRW, pair with SSDT-GPRW.aml]: pattern 47505257, bin not found / already patched!
40:709  0:000  11. [change Method(_WAK,1,S) to ZWAK, pair with SSDT-PTSWAK.aml]: pattern 5F57414B, bin not found / already patched!
40:709  0:000  12. [change Method(_PTS,1,S) to ZPTS, pair with SSDT-PTSWAK.aml]: pattern 5F505453, bin not found / already patched!
40:709  0:000    0 replacements
40:709  0:000  0. [change HDAS to HDEF]: pattern 48444153, bin not found / already patched!
40:709  0:000  1. [change _DSM to XDSM]: pattern 5F44534D, patched at: [ (D3) ]
40:709  0:000  2. [change _OSI to XOSI, pair with SSDT-XOSI.aml]: pattern 5F4F5349, bin not found / already patched!
40:709  0:000  3. [change EC0 to EC]: pattern 4543305F, bin not found / already patched!
40:709  0:000  4. [change H_EC to EC]: pattern 485F4543, bin not found / already patched!
40:709  0:000  5. [change GFX0 to IGPU, optionally pair with SSDT-IGPU.aml]: pattern 47465830, bin not found / already patched!
40:709  0:000  6. [change HECI to IMEI, optionally pair with SSDT-IMEI.aml]: pattern 48454349, bin not found / already patched!
40:709  0:000  7. [change SAT0 to SATA, optionally pair with SSDT-SATA.aml]: pattern 53415430, bin not found / already patched!
40:709  0:000  8. [change LPC to LPCB, optionally pair with SSDT-DEHCI.aml, SSDT-DEH01.aml, SSDT-DEH02.aml, SSDT-LPC.aml]: pattern 4C50435F, bin not found / already patched!
40:709  0:000  9. [change LANC Method(_PRW,0,S) to Method(XPRW,0,..), pair with SSDT-LANCPRW.aml]: pattern 00001900, bin not found / already patched!
40:709  0:000  10. [change Method(GPRW,2,N) to XPRW, pair with SSDT-GPRW.aml]: pattern 47505257, bin not found / already patched!
40:709  0:000  11. [change Method(_WAK,1,S) to ZWAK, pair with SSDT-PTSWAK.aml]: pattern 5F57414B, bin not found / already patched!
40:709  0:000  12. [change Method(_PTS,1,S) to ZPTS, pair with SSDT-PTSWAK.aml]: pattern 5F505453, bin not found / already patched!
40:709  0:000    0 replacements
40:709  0:000  0. [change HDAS to HDEF]: pattern 48444153, bin not found / already patched!
40:709  0:000  1. [change _DSM to XDSM]: pattern 5F44534D, bin not found / already patched!
40:709  0:000  2. [change _OSI to XOSI, pair with SSDT-XOSI.aml]: pattern 5F4F5349, bin not found / already patched!
40:709  0:000  3. [change EC0 to EC]: pattern 4543305F, bin not found / already patched!
40:709  0:000  4. [change H_EC to EC]: pattern 485F4543, patched at: [ (24) (57) (16) (16) (16) (16) (16) (16) (16) (16) (16) (16) (3A) (16) (16) (16) (16) (16) (16) (16) (16) (16) (16) (16) (16) (16) (16) (16) (16) (16) (16) (16) (16) (16) (16) (16) (16) (16) (16) (16) (16) (16) (16) (16) (16) (16) (16) (16) (16) (16) (16) (16) (16) (16) (16) (16) (16) (16) (16) (16) (16) (16) (16) (16) (16) (16) (16) (16) (16) (16) (16) (16) (16) (16) (16) (16) (16) (16) (16) (16) (16) (16) (16) (16) (B4D) (17) (14) (25) (14) (25) (14) (25) (14) (25) (14) (25) (14) (25) (14) (3E) (1A) (14) (24) (14) (24) (14) (24) (14) (24) (14) (11E) (17) (14) (25) (14) (25) (14) (25) (14) (25) (14) (25) (14) (25) (14) (25) (14) (56) (1A) (14) (24) (14) (24) (14) (24) (14) (8D) (15) (14) (1B) (14) (1D) (14) (1C) (14) (1E) (14) (1C) (14) (1C) (14) (1C) (14) (1C) (14) (1C) (14) (1C) (14) (1C) (14) (1C) (14) (1C) (14) (1C) (14) (1C) (14) (35) (14) (16) (14) (44) (4E) (14) (1B) (14) (1B) (14) (1D) (14) (20) (14) (20) (14) (20) (14) (20) (14) (4F) (14) (1B) (14) (1B) (14) (1D) (14) (20) (14) (20) (14) (20) (14) (AE) (15) (14) (1C) (14) (1C) (14) (1C) (14) (1C) (14) (1C) (14) (1C) (14) (1C) (14) (1C) (14) (1C) (14) (1C) (14) (1C) (14) (1C) (14) (1C) (14) (1C) (14) (1C) (14) (1C) (14) (1C) (14) (1C) (14) (1C) (14) (3A) (14) (1A) (13) (1A) (13) (1A) (13) (1A) (13) (1A) (13) (1A) (13) (1A) (13) (1A) (13) (1A) (13) (1A) (13) (1A) (13) (1A) (13) (1A) (13) (1A) (13) (1A) (13) (1A) (13) (1A) (13) (1A) (13) (1A) (13) (1A) (13) (21) (14) (21) (14) (23) (15) (14) (25) (15) (14) (19) (14) (1D) (14) (1D) (14) ]
40:709  0:000  5. [change GFX0 to IGPU, optionally pair with SSDT-IGPU.aml]: pattern 47465830, bin not found / already patched!
40:709  0:000  6. [change HECI to IMEI, optionally pair with SSDT-IMEI.aml]: pattern 48454349, bin not found / already patched!
40:709  0:000  7. [change SAT0 to SATA, optionally pair with SSDT-SATA.aml]: pattern 53415430, bin not found / already patched!
40:709  0:000  8. [change LPC to LPCB, optionally pair with SSDT-DEHCI.aml, SSDT-DEH01.aml, SSDT-DEH02.aml, SSDT-LPC.aml]: pattern 4C50435F, bin not found / already patched!
40:709  0:000  9. [change LANC Method(_PRW,0,S) to Method(XPRW,0,..), pair with SSDT-LANCPRW.aml]: pattern 00001900, bin not found / already patched!
40:709  0:000  10. [change Method(GPRW,2,N) to XPRW, pair with SSDT-GPRW.aml]: pattern 47505257, bin not found / already patched!
40:709  0:000  11. [change Method(_WAK,1,S) to ZWAK, pair with SSDT-PTSWAK.aml]: pattern 5F57414B, bin not found / already patched!
40:709  0:000  12. [change Method(_PTS,1,S) to ZPTS, pair with SSDT-PTSWAK.aml]: pattern 5F505453, bin not found / already patched!
40:709  0:000    0 replacements
40:709  0:000  0. [change HDAS to HDEF]: pattern 48444153, bin not found / already patched!
40:709  0:000  1. [change _DSM to XDSM]: pattern 5F44534D, patched at: [ (B6) (1F8) ]
40:709  0:000  2. [change _OSI to XOSI, pair with SSDT-XOSI.aml]: pattern 5F4F5349, bin not found / already patched!
40:709  0:000  3. [change EC0 to EC]: pattern 4543305F, bin not found / already patched!
40:709  0:000  4. [change H_EC to EC]: pattern 485F4543, bin not found / already patched!
40:709  0:000  5. [change GFX0 to IGPU, optionally pair with SSDT-IGPU.aml]: pattern 47465830, bin not found / already patched!
40:709  0:000  6. [change HECI to IMEI, optionally pair with SSDT-IMEI.aml]: pattern 48454349, bin not found / already patched!
40:709  0:000  7. [change SAT0 to SATA, optionally pair with SSDT-SATA.aml]: pattern 53415430, patched at: [ (20) (12) (71) (1F8) (254) ]
40:709  0:000  8. [change LPC to LPCB, optionally pair with SSDT-DEHCI.aml, SSDT-DEH01.aml, SSDT-DEH02.aml, SSDT-LPC.aml]: pattern 4C50435F, bin not found / already patched!
40:709  0:000  9. [change LANC Method(_PRW,0,S) to Method(XPRW,0,..), pair with SSDT-LANCPRW.aml]: pattern 00001900, bin not found / already patched!
40:709  0:000  10. [change Method(GPRW,2,N) to XPRW, pair with SSDT-GPRW.aml]: pattern 47505257, bin not found / already patched!
40:709  0:000  11. [change Method(_WAK,1,S) to ZWAK, pair with SSDT-PTSWAK.aml]: pattern 5F57414B, bin not found / already patched!
40:709  0:000  12. [change Method(_PTS,1,S) to ZPTS, pair with SSDT-PTSWAK.aml]: pattern 5F505453, bin not found / already patched!
40:709  0:000    0 replacements
40:709  0:000  0. [change HDAS to HDEF]: pattern 48444153, bin not found / already patched!
40:709  0:000  1. [change _DSM to XDSM]: pattern 5F44534D, patched at: [ (7B1) ]
40:709  0:000  2. [change _OSI to XOSI, pair with SSDT-XOSI.aml]: pattern 5F4F5349, bin not found / already patched!
40:709  0:000  3. [change EC0 to EC]: pattern 4543305F, bin not found / already patched!
40:709  0:000  4. [change H_EC to EC]: pattern 485F4543, patched at: [ (24) (16) (16) (16) (16) (16) (16) (16) (16) (16) (16) (16) (16) (16) (16) (16) (16) (16) (16) (16) (16) (16) (16) (16) (16) (16) (16) (16) (16) (16) (16) (16) (16) (16) (16) (16) (16) (16) (16) (16) (16) (16) (16) (16) (16) (16) (16) (16) (16) (16) (C2) (221) (18) (13) (18) (13) (18) (13) (18) (13) (18) (13) (18) (13) (18) (13) (18) (13) (18) (13) (18) (13) (18) (13) (18) (13) (18) (13) (18) (13) (18) (13) (18) (1C) (18) (13) (18) (13) (18) (13) (18) (13) (18) (13) (18) (13) (18) (13) (18) (13) (18) (18) (13) (18) (13) (18) (13) (18) (13) (18) (13) (18) (13) (18) (13) (18) (13) (2A) (14) (18) (14) (18) (14) (18) (14) (18) (14) (18) (14) (18) (14) (18) (14) (18) (14) (18) (14) (18) (14) (18) (14) (18) (14) (18) (14) (18) (14) (18) (14) (18) (14) (18) (14) (18) (14) (18) (14) ]
40:709  0:000  5. [change GFX0 to IGPU, optionally pair with SSDT-IGPU.aml]: pattern 47465830, bin not found / already patched!
40:709  0:000  6. [change HECI to IMEI, optionally pair with SSDT-IMEI.aml]: pattern 48454349, bin not found / already patched!
40:709  0:000  7. [change SAT0 to SATA, optionally pair with SSDT-SATA.aml]: pattern 53415430, bin not found / already patched!
40:709  0:000  8. [change LPC to LPCB, optionally pair with SSDT-DEHCI.aml, SSDT-DEH01.aml, SSDT-DEH02.aml, SSDT-LPC.aml]: pattern 4C50435F, bin not found / already patched!
40:709  0:000  9. [change LANC Method(_PRW,0,S) to Method(XPRW,0,..), pair with SSDT-LANCPRW.aml]: pattern 00001900, bin not found / already patched!
40:709  0:000  10. [change Method(GPRW,2,N) to XPRW, pair with SSDT-GPRW.aml]: pattern 47505257, bin not found / already patched!
40:709  0:000  11. [change Method(_WAK,1,S) to ZWAK, pair with SSDT-PTSWAK.aml]: pattern 5F57414B, bin not found / already patched!
40:709  0:000  12. [change Method(_PTS,1,S) to ZPTS, pair with SSDT-PTSWAK.aml]: pattern 5F505453, bin not found / already patched!
40:709  0:000    0 replacements
40:709  0:000  0. [change HDAS to HDEF]: pattern 48444153, bin not found / already patched!
40:709  0:000  1. [change _DSM to XDSM]: pattern 5F44534D, bin not found / already patched!
40:709  0:000  2. [change _OSI to XOSI, pair with SSDT-XOSI.aml]: pattern 5F4F5349, bin not found / already patched!
40:709  0:000  3. [change EC0 to EC]: pattern 4543305F, bin not found / already patched!
40:709  0:000  4. [change H_EC to EC]: pattern 485F4543, bin not found / already patched!
40:709  0:000  5. [change GFX0 to IGPU, optionally pair with SSDT-IGPU.aml]: pattern 47465830, bin not found / already patched!
40:709  0:000  6. [change HECI to IMEI, optionally pair with SSDT-IMEI.aml]: pattern 48454349, bin not found / already patched!
40:709  0:000  7. [change SAT0 to SATA, optionally pair with SSDT-SATA.aml]: pattern 53415430, bin not found / already patched!
40:709  0:000  8. [change LPC to LPCB, optionally pair with SSDT-DEHCI.aml, SSDT-DEH01.aml, SSDT-DEH02.aml, SSDT-LPC.aml]: pattern 4C50435F, bin not found / already patched!
40:709  0:000  9. [change LANC Method(_PRW,0,S) to Method(XPRW,0,..), pair with SSDT-LANCPRW.aml]: pattern 00001900, bin not found / already patched!
40:709  0:000  10. [change Method(GPRW,2,N) to XPRW, pair with SSDT-GPRW.aml]: pattern 47505257, bin not found / already patched!
40:709  0:000  11. [change Method(_WAK,1,S) to ZWAK, pair with SSDT-PTSWAK.aml]: pattern 5F57414B, bin not found / already patched!
40:709  0:000  12. [change Method(_PTS,1,S) to ZPTS, pair with SSDT-PTSWAK.aml]: pattern 5F505453, bin not found / already patched!
40:709  0:000    0 replacements
40:709  0:000  Found OperationRegion(PNVS, SystemMemory, 66AA8000, ...)
40:709  0:000  === [ ACPIPatchedAML ] ====================================
40:709  0:000  Sorted
40:709  0:000  Inserting table[0]:SSDT-Config.aml from EFI\CLOVER\ACPI\patched: size=911 ... Success
40:710  0:000  Inserting table[1]:SSDT-DDGPU.aml from EFI\CLOVER\ACPI\patched: size=1482 ... Success
40:710  0:000  Inserting table[2]:SSDT-DEH01.aml from EFI\CLOVER\ACPI\patched: size=267 ... Success
40:710  0:000  Inserting table[3]:SSDT-DEH02.aml from EFI\CLOVER\ACPI\patched: size=267 ... Success
40:711  0:000  Inserting table[4]:SSDT-DEHCI.aml from EFI\CLOVER\ACPI\patched: size=359 ... Success
40:711  0:000  Inserting table[5]:SSDT-GPRW.aml from EFI\CLOVER\ACPI\patched: size=134 ... Success
40:711  0:000  Inserting table[6]:SSDT-IGPU.aml from EFI\CLOVER\ACPI\patched: size=5362 ... Success
40:711  0:000  Inserting table[7]:SSDT-IMEI.aml from EFI\CLOVER\ACPI\patched: size=312 ... Success
40:712  0:000  Inserting table[8]:SSDT-LANCPRW.aml from EFI\CLOVER\ACPI\patched: size=157 ... Success
40:712  0:000  Inserting table[9]:SSDT-LPC.aml from EFI\CLOVER\ACPI\patched: size=390 ... Success
40:712  0:000  Inserting table[10]:SSDT-pr.aml from EFI\CLOVER\ACPI\patched: size=138 ... Success
40:712  0:000  Inserting table[11]:SSDT-PTSWAK.aml from EFI\CLOVER\ACPI\patched: size=782 ... Success
40:712  0:000  Inserting table[12]:SSDT-SATA.aml from EFI\CLOVER\ACPI\patched: size=296 ... Success
40:713  0:000  Inserting table[13]:SSDT-XOSI.aml from EFI\CLOVER\ACPI\patched: size=206 ... Success
40:713  0:000  CPUBase=0 and ApicCPUBase=1 ApicCPUNum=16
40:713  0:000  Maximum control=0x12
40:713  0:000  Turbo control=0x22
40:713  0:000  P-States: min 0x4, max 0x22
40:713  0:000  SSDT with plugin-type without P-States is generated
40:713  0:000  SSDT with CPU C-States generated successfully
40:713  0:000  Cleanup XSDT: count=45, length=396
40:713  0:000  corrected XSDT count=43, length=380
40:713  0:000  === [ RestSetup macOS ] ===================================
40:713  0:000  --- Custom EDID Table size:128
40:713  0:000  000  |  00  FF  FF  FF  FF  FF  FF  00  30  E4
40:713  0:000  010  |  99  05  00  00  00  00  00  1B  01  04
40:713  0:000  020  |  A5  1F  11  78  02  29  05  92  59  56
40:713  0:000  030  |  93  29  1E  50  54  00  00  00  01  01
40:713  0:000  040  |  01  01  01  01  01  01  01  01  01  01
40:713  0:000  050  |  01  01  01  01  2E  36  80  A0  70  38
40:713  0:000  060  |  1F  40  30  20  35  00  35  AE  10  00
40:713  0:000  070  |  00  19  00  00  00  00  00  00  00  00
40:713  0:000  080  |  00  00  00  00  00  00  00  00  00  00
40:713  0:000  090  |  00  00  00  FE  00  4C  47  20  44  69
40:713  0:000  100  |  73  70  6C  61  79  0A  20  20  00  00
40:713  0:000  110  |  00  FE  00  4C  50  31  34  30  57  46
40:713  0:000  120  |  38  2D  53  50  50  31  00  A6
40:713  0:000  add device: PciRoot(0x0)/Pci(0x2,0x0)
40:713  0:000     Add key=framebuffer-unifiedmem valuelen=4
40:713  0:000     Add key=framebuffer-stolenmem valuelen=4
40:713  0:000     Add key=framebuffer-portcount valuelen=4
40:713  0:000     Add key=framebuffer-patch-enable valuelen=4
40:713  0:000     Add key=framebuffer-fbmem valuelen=4
40:713  0:000     Add key=framebuffer-con2-index valuelen=4
40:713  0:000     Add key=framebuffer-con2-enable valuelen=4
40:713  0:000     Add key=enable-hdmi20 valuelen=4
40:713  0:000     Add key=disable-external-gpu valuelen=4
40:713  0:000     Add key=device-id valuelen=4
40:713  0:000     Add key=AAPL,ig-platform-id valuelen=4
40:713  0:000     Add key=AAPL,GfxYTile valuelen=4
40:713  0:000  Intel UHD Graphics 620 [8086:5917] :: PciRoot(0x0)\Pci(0x2,0x0)
40:713  0:000    Found Full HD Display - 16:9 :: Width=1920 Height=1080
40:713  0:000    AAPL00,override-no-connect: added
40:713  0:000    Beginning DualLink auto-detection
40:713  0:000    High Resolution Display
40:713  0:000    AAPL00,DualLink = 1
40:713  0:000    FakeID Intel GFX = 0x59168086
40:713  0:000    ig-platform-id = 0x59160000
40:713  0:000  Intel GFX revision  = 0x7
40:713  0:000   RCBA disabled; cannot use it
40:713  0:000   setting specified layout-id=3 (0x3)
40:713  0:000  stringlength = 4302
40:714  0:000  CurrentMode: Width=1920 Height=1080
40:714  0:000  Beginning FSInjection
40:714  0:000  Blocking kext caches
FSInjectionInstall ...
- Our FSI_SIMPLE_FILE_SYSTEM_PROTOCOL installed on handle: 6EBE8358
FSInjectionInstall ...
- Our FSI_SIMPLE_FILE_SYSTEM_PROTOCOL installed on handle: 6EBE8358
40:716  0:002  Use origin smbios table type 1 guid.
40:716  0:000  Preparing kexts injection for arch=x86_64 from EFI\CLOVER\kexts\Other
40:716  0:000  Extra kext: EFI\CLOVER\kexts\Other\Lilu.kext (v.1.2.8)
40:722  0:005  Extra kext: EFI\CLOVER\kexts\Other\WhateverGreen.kext (v.1.2.4)
40:728  0:005  Extra kext: EFI\CLOVER\kexts\Other\VoodooPS2Controller.kext (v.1.9.2)
40:734  0:006    |-- PlugIn kext: EFI\CLOVER\kexts\Other\VoodooPS2Controller.kext\Contents\PlugIns\VoodooPS2Trackpad.kext (v.1.9.2)
40:744  0:009    |-- PlugIn kext: EFI\CLOVER\kexts\Other\VoodooPS2Controller.kext\Contents\PlugIns\VoodooPS2Mouse.kext (v.1.9.2)
40:750  0:005    |-- PlugIn kext: EFI\CLOVER\kexts\Other\VoodooPS2Controller.kext\Contents\PlugIns\VoodooPS2Keyboard.kext (v.1.9.2)
40:761  0:011  Extra kext: EFI\CLOVER\kexts\Other\VoodooI2CHID.kext (v.1)
40:772  0:010  Extra kext: EFI\CLOVER\kexts\Other\VoodooI2C.kext (v.2.1.4)
40:786  0:013    |-- PlugIn kext: EFI\CLOVER\kexts\Other\VoodooI2C.kext\Contents\PlugIns\VoodooI2CServices.kext (v.1)
40:791  0:005    |-- PlugIn kext: EFI\CLOVER\kexts\Other\VoodooI2C.kext\Contents\PlugIns\VoodooGPIO.kext (v.1.1)
40:796  0:005  Extra kext: EFI\CLOVER\kexts\Other\USBInjectAll.kext (v.0.6.6)
41:194  0:398  Extra kext: EFI\CLOVER\kexts\Other\GenericUSBXHCI.kext (v.1.2.11)
41:202  0:007  Extra kext: EFI\CLOVER\kexts\Other\FakeSMC.kext (v.1765)
41:215  0:013  Extra kext: EFI\CLOVER\kexts\Other\FakePCIID_Broadcom_WiFi.kext (v.1.3.13)
41:222  0:007  Extra kext: EFI\CLOVER\kexts\Other\FakePCIID.kext (v.1.3.12)
41:227  0:004  Extra kext: EFI\CLOVER\kexts\Other\CodecCommander.kext (v.2.7.1)
41:248  0:021  Extra kext: EFI\CLOVER\kexts\Other\BrcmPatchRAM2.kext (v.2.2.10)
41:355  0:106  Extra kext: EFI\CLOVER\kexts\Other\BrcmFirmwareData.kext (v.2.2.10)
41:366  0:010  Extra kext: EFI\CLOVER\kexts\Other\AppleALC.kext (v.1.3.3)
41:379  0:012  Extra kext: EFI\CLOVER\kexts\Other\AirportBrcmFixup.kext (v.1.1.6)
41:391  0:012  Extra kext: EFI\CLOVER\kexts\Other\ACPIBatteryManager.kext (v.1.81.4)
41:404  0:012  SetStartupDiskVolume:
41:404  0:000    * Volume: 'mac'
41:404  0:000    * LoaderPath: '<null string>'
41:404  0:000    * DevPath: mac
41:404  0:000    * GUID = B324B516-C105-4740-84F2-A235F759859A
41:404  0:000    * efi-boot-device: <array><dict><key>IOMatch</key><dict><key>IOProviderClass</key><string>IOMedia</string><key>IOPropertyMatch</key><dict><key>UUID</key><string>B324B516-C105-4740-84F2-A235F759859A</string></dict></dict></dict></array>
41:404  0:000  SetScreenResolution: 1920x1080 - already set
41:404  0:000  Custom boot is disabled
41:405  0:001  Closing log
